This is pdfTeX, Version 3.141592653-2.6-1.40.22 (TeX Live 2021/NixOS.org) (preloaded format=pdflatex 2021.6.26)  12 OCT 2021 19:41
entering extended mode
 restricted \write18 enabled.
 %&-line parsing enabled.
**\nonstopmode\input verslag.tex
(./verslag.tex
(/nix/store/q8g7wkha989gcphnlbx36xlmhmifwaqm-texlive-combined-full-2021.2021040
8/share/texmf/tex/latex/base/article.cls
Document Class: article 2020/04/10 v1.4m Standard LaTeX document class

(/nix/store/q8g7wkha989gcphnlbx36xlmhmifwaqm-texlive-combined-full-2021.2021040
8/share/texmf/tex/latex/base/size11.clo
File: size11.clo 2020/04/10 v1.4m Standard LaTeX file (size option)
)
\c@part=\count179
\c@section=\count180
\c@subsection=\count181
\c@subsubsection=\count182
\c@paragraph=\count183
\c@subparagraph=\count184
\c@figure=\count185
\c@table=\count186
\abovecaptionskip=\skip47
\belowcaptionskip=\skip48
\bibindent=\dimen138
)
(/nix/store/q8g7wkha989gcphnlbx36xlmhmifwaqm-texlive-combined-full-2021.2021040
8/share/texmf/tex/latex/base/inputenc.sty
Package: inputenc 2020/08/01 v1.3d Input encoding file
\inpenc@prehook=\toks15
\inpenc@posthook=\toks16
)
(/nix/store/q8g7wkha989gcphnlbx36xlmhmifwaqm-texlive-combined-full-2021.2021040
8/share/texmf/tex/latex/base/fontenc.sty
Package: fontenc 2020/08/10 v2.0s Standard LaTeX package
)
(/nix/store/q8g7wkha989gcphnlbx36xlmhmifwaqm-texlive-combined-full-2021.2021040
8/share/texmf/tex/latex/graphics/graphicx.sty
Package: graphicx 2020/09/09 v1.2b Enhanced LaTeX Graphics (DPC,SPQR)

(/nix/store/q8g7wkha989gcphnlbx36xlmhmifwaqm-texlive-combined-full-2021.2021040
8/share/texmf/tex/latex/graphics/keyval.sty
Package: keyval 2014/10/28 v1.15 key=value parser (DPC)
\KV@toks@=\toks17
)
(/nix/store/q8g7wkha989gcphnlbx36xlmhmifwaqm-texlive-combined-full-2021.2021040
8/share/texmf/tex/latex/graphics/graphics.sty
Package: graphics 2020/08/30 v1.4c Standard LaTeX Graphics (DPC,SPQR)

(/nix/store/q8g7wkha989gcphnlbx36xlmhmifwaqm-texlive-combined-full-2021.2021040
8/share/texmf/tex/latex/graphics/trig.sty
Package: trig 2016/01/03 v1.10 sin cos tan (DPC)
)
(/nix/store/q8g7wkha989gcphnlbx36xlmhmifwaqm-texlive-combined-full-2021.2021040
8/share/texmf/tex/latex/graphics-cfg/graphics.cfg
File: graphics.cfg 2016/06/04 v1.11 sample graphics configuration
)
Package graphics Info: Driver file: pdftex.def on input line 105.

(/nix/store/q8g7wkha989gcphnlbx36xlmhmifwaqm-texlive-combined-full-2021.2021040
8/share/texmf/tex/latex/graphics-def/pdftex.def
File: pdftex.def 2020/10/05 v1.2a Graphics/color driver for pdftex
))
\Gin@req@height=\dimen139
\Gin@req@width=\dimen140
)
(/nix/store/q8g7wkha989gcphnlbx36xlmhmifwaqm-texlive-combined-full-2021.2021040
8/share/texmf/tex/latex/grffile/grffile.sty
Package: grffile 2019/11/11 v2.1 Extended file name support for graphics (legac
y)
Package grffile Info: This package is an empty stub for compatibility on input 
line 40.
)
(/nix/store/q8g7wkha989gcphnlbx36xlmhmifwaqm-texlive-combined-full-2021.2021040
8/share/texmf/tex/latex/tools/longtable.sty
Package: longtable 2020/01/07 v4.13 Multi-page Table package (DPC)
\LTleft=\skip49
\LTright=\skip50
\LTpre=\skip51
\LTpost=\skip52
\LTchunksize=\count187
\LTcapwidth=\dimen141
\LT@head=\box47
\LT@firsthead=\box48
\LT@foot=\box49
\LT@lastfoot=\box50
\LT@cols=\count188
\LT@rows=\count189
\c@LT@tables=\count190
\c@LT@chunks=\count191
\LT@p@ftn=\toks18
)
(/nix/store/q8g7wkha989gcphnlbx36xlmhmifwaqm-texlive-combined-full-2021.2021040
8/share/texmf/tex/latex/wrapfig/wrapfig.sty
\wrapoverhang=\dimen142
\WF@size=\dimen143
\c@WF@wrappedlines=\count192
\WF@box=\box51
\WF@everypar=\toks19
Package: wrapfig 2003/01/31  v 3.6
)
(/nix/store/q8g7wkha989gcphnlbx36xlmhmifwaqm-texlive-combined-full-2021.2021040
8/share/texmf/tex/latex/graphics/rotating.sty
Package: rotating 2016/08/11 v2.16d rotated objects in LaTeX

(/nix/store/q8g7wkha989gcphnlbx36xlmhmifwaqm-texlive-combined-full-2021.2021040
8/share/texmf/tex/latex/base/ifthen.sty
Package: ifthen 2014/09/29 v1.1c Standard LaTeX ifthen package (DPC)
)
\c@r@tfl@t=\count193
\rotFPtop=\skip53
\rotFPbot=\skip54
\rot@float@box=\box52
\rot@mess@toks=\toks20
)
(/nix/store/q8g7wkha989gcphnlbx36xlmhmifwaqm-texlive-combined-full-2021.2021040
8/share/texmf/tex/generic/ulem/ulem.sty
\UL@box=\box53
\UL@hyphenbox=\box54
\UL@skip=\skip55
\UL@hook=\toks21
\UL@height=\dimen144
\UL@pe=\count194
\UL@pixel=\dimen145
\ULC@box=\box55
Package: ulem 2019/11/18
\ULdepth=\dimen146
)
(/nix/store/q8g7wkha989gcphnlbx36xlmhmifwaqm-texlive-combined-full-2021.2021040
8/share/texmf/tex/latex/amsmath/amsmath.sty
Package: amsmath 2020/09/23 v2.17i AMS math features
\@mathmargin=\skip56

For additional information on amsmath, use the `?' option.

(/nix/store/q8g7wkha989gcphnlbx36xlmhmifwaqm-texlive-combined-full-2021.2021040
8/share/texmf/tex/latex/amsmath/amstext.sty
Package: amstext 2000/06/29 v2.01 AMS text

(/nix/store/q8g7wkha989gcphnlbx36xlmhmifwaqm-texlive-combined-full-2021.2021040
8/share/texmf/tex/latex/amsmath/amsgen.sty
File: amsgen.sty 1999/11/30 v2.0 generic functions
\@emptytoks=\toks22
\ex@=\dimen147
))
(/nix/store/q8g7wkha989gcphnlbx36xlmhmifwaqm-texlive-combined-full-2021.2021040
8/share/texmf/tex/latex/amsmath/amsbsy.sty
Package: amsbsy 1999/11/29 v1.2d Bold Symbols
\pmbraise@=\dimen148
)
(/nix/store/q8g7wkha989gcphnlbx36xlmhmifwaqm-texlive-combined-full-2021.2021040
8/share/texmf/tex/latex/amsmath/amsopn.sty
Package: amsopn 2016/03/08 v2.02 operator names
)
\inf@bad=\count195
LaTeX Info: Redefining \frac on input line 234.
\uproot@=\count196
\leftroot@=\count197
LaTeX Info: Redefining \overline on input line 399.
\classnum@=\count198
\DOTSCASE@=\count199
LaTeX Info: Redefining \ldots on input line 496.
LaTeX Info: Redefining \dots on input line 499.
LaTeX Info: Redefining \cdots on input line 620.
\Mathstrutbox@=\box56
\strutbox@=\box57
\big@size=\dimen149
LaTeX Font Info:    Redeclaring font encoding OML on input line 743.
LaTeX Font Info:    Redeclaring font encoding OMS on input line 744.
\macc@depth=\count266
\c@MaxMatrixCols=\count267
\dotsspace@=\muskip16
\c@parentequation=\count268
\dspbrk@lvl=\count269
\tag@help=\toks23
\row@=\count270
\column@=\count271
\maxfields@=\count272
\andhelp@=\toks24
\eqnshift@=\dimen150
\alignsep@=\dimen151
\tagshift@=\dimen152
\tagwidth@=\dimen153
\totwidth@=\dimen154
\lineht@=\dimen155
\@envbody=\toks25
\multlinegap=\skip57
\multlinetaggap=\skip58
\mathdisplay@stack=\toks26
LaTeX Info: Redefining \[ on input line 2923.
LaTeX Info: Redefining \] on input line 2924.
)
(/nix/store/q8g7wkha989gcphnlbx36xlmhmifwaqm-texlive-combined-full-2021.2021040
8/share/texmf/tex/latex/base/textcomp.sty
Package: textcomp 2020/02/02 v2.0n Standard LaTeX package
)
(/nix/store/q8g7wkha989gcphnlbx36xlmhmifwaqm-texlive-combined-full-2021.2021040
8/share/texmf/tex/latex/amsfonts/amssymb.sty
Package: amssymb 2013/01/14 v3.01 AMS font symbols

(/nix/store/q8g7wkha989gcphnlbx36xlmhmifwaqm-texlive-combined-full-2021.2021040
8/share/texmf/tex/latex/amsfonts/amsfonts.sty
Package: amsfonts 2013/01/14 v3.01 Basic AMSFonts support
\symAMSa=\mathgroup4
\symAMSb=\mathgroup5
LaTeX Font Info:    Redeclaring math symbol \hbar on input line 98.
LaTeX Font Info:    Overwriting math alphabet `\mathfrak' in version `bold'
(Font)                  U/euf/m/n --> U/euf/b/n on input line 106.
))
(/nix/store/q8g7wkha989gcphnlbx36xlmhmifwaqm-texlive-combined-full-2021.2021040
8/share/texmf/tex/latex/capt-of/capt-of.sty
Package: capt-of 2009/12/29 v0.2 standard captions outside of floats
)
(/nix/store/q8g7wkha989gcphnlbx36xlmhmifwaqm-texlive-combined-full-2021.2021040
8/share/texmf/tex/latex/hyperref/hyperref.sty
Package: hyperref 2021-02-27 v7.00k Hypertext links for LaTeX

(/nix/store/q8g7wkha989gcphnlbx36xlmhmifwaqm-texlive-combined-full-2021.2021040
8/share/texmf/tex/generic/ltxcmds/ltxcmds.sty
Package: ltxcmds 2020-05-10 v1.25 LaTeX kernel commands for general use (HO)
)
(/nix/store/q8g7wkha989gcphnlbx36xlmhmifwaqm-texlive-combined-full-2021.2021040
8/share/texmf/tex/generic/iftex/iftex.sty
Package: iftex 2020/03/06 v1.0d TeX engine tests
)
(/nix/store/q8g7wkha989gcphnlbx36xlmhmifwaqm-texlive-combined-full-2021.2021040
8/share/texmf/tex/generic/pdftexcmds/pdftexcmds.sty
Package: pdftexcmds 2020-06-27 v0.33 Utility functions of pdfTeX for LuaTeX (HO
)

(/nix/store/q8g7wkha989gcphnlbx36xlmhmifwaqm-texlive-combined-full-2021.2021040
8/share/texmf/tex/generic/infwarerr/infwarerr.sty
Package: infwarerr 2019/12/03 v1.5 Providing info/warning/error messages (HO)
)
Package pdftexcmds Info: \pdf@primitive is available.
Package pdftexcmds Info: \pdf@ifprimitive is available.
Package pdftexcmds Info: \pdfdraftmode found.
)
(/nix/store/q8g7wkha989gcphnlbx36xlmhmifwaqm-texlive-combined-full-2021.2021040
8/share/texmf/tex/generic/kvsetkeys/kvsetkeys.sty
Package: kvsetkeys 2019/12/15 v1.18 Key value parser (HO)
)
(/nix/store/q8g7wkha989gcphnlbx36xlmhmifwaqm-texlive-combined-full-2021.2021040
8/share/texmf/tex/generic/kvdefinekeys/kvdefinekeys.sty
Package: kvdefinekeys 2019-12-19 v1.6 Define keys (HO)
)
(/nix/store/q8g7wkha989gcphnlbx36xlmhmifwaqm-texlive-combined-full-2021.2021040
8/share/texmf/tex/generic/pdfescape/pdfescape.sty
Package: pdfescape 2019/12/09 v1.15 Implements pdfTeX's escape features (HO)
)
(/nix/store/q8g7wkha989gcphnlbx36xlmhmifwaqm-texlive-combined-full-2021.2021040
8/share/texmf/tex/latex/hycolor/hycolor.sty
Package: hycolor 2020-01-27 v1.10 Color options for hyperref/bookmark (HO)
)
(/nix/store/q8g7wkha989gcphnlbx36xlmhmifwaqm-texlive-combined-full-2021.2021040
8/share/texmf/tex/latex/letltxmacro/letltxmacro.sty
Package: letltxmacro 2019/12/03 v1.6 Let assignment for LaTeX macros (HO)
)
(/nix/store/q8g7wkha989gcphnlbx36xlmhmifwaqm-texlive-combined-full-2021.2021040
8/share/texmf/tex/latex/auxhook/auxhook.sty
Package: auxhook 2019-12-17 v1.6 Hooks for auxiliary files (HO)
)
(/nix/store/q8g7wkha989gcphnlbx36xlmhmifwaqm-texlive-combined-full-2021.2021040
8/share/texmf/tex/latex/kvoptions/kvoptions.sty
Package: kvoptions 2020-10-07 v3.14 Key value format for package options (HO)
)
\@linkdim=\dimen156
\Hy@linkcounter=\count273
\Hy@pagecounter=\count274

(/nix/store/q8g7wkha989gcphnlbx36xlmhmifwaqm-texlive-combined-full-2021.2021040
8/share/texmf/tex/latex/hyperref/pd1enc.def
File: pd1enc.def 2021-02-27 v7.00k Hyperref: PDFDocEncoding definition (HO)
Now handling font encoding PD1 ...
... no UTF-8 mapping file for font encoding PD1
)
(/nix/store/q8g7wkha989gcphnlbx36xlmhmifwaqm-texlive-combined-full-2021.2021040
8/share/texmf/tex/latex/hyperref/hyperref-langpatches.def
File: hyperref-langpatches.def 2021-02-27 v7.00k Hyperref: patches for babel la
nguages
)
(/nix/store/q8g7wkha989gcphnlbx36xlmhmifwaqm-texlive-combined-full-2021.2021040
8/share/texmf/tex/generic/intcalc/intcalc.sty
Package: intcalc 2019/12/15 v1.3 Expandable calculations with integers (HO)
)
(/nix/store/q8g7wkha989gcphnlbx36xlmhmifwaqm-texlive-combined-full-2021.2021040
8/share/texmf/tex/generic/etexcmds/etexcmds.sty
Package: etexcmds 2019/12/15 v1.7 Avoid name clashes with e-TeX commands (HO)
)
\Hy@SavedSpaceFactor=\count275

(/nix/store/q8g7wkha989gcphnlbx36xlmhmifwaqm-texlive-combined-full-2021.2021040
8/share/texmf/tex/latex/hyperref/puenc.def
File: puenc.def 2021-02-27 v7.00k Hyperref: PDF Unicode definition (HO)
Now handling font encoding PU ...
... no UTF-8 mapping file for font encoding PU
)
Package hyperref Info: Hyper figures OFF on input line 4192.
Package hyperref Info: Link nesting OFF on input line 4197.
Package hyperref Info: Hyper index ON on input line 4200.
Package hyperref Info: Plain pages OFF on input line 4207.
Package hyperref Info: Backreferencing OFF on input line 4212.
Package hyperref Info: Implicit mode ON; LaTeX internals redefined.
Package hyperref Info: Bookmarks ON on input line 4445.
\c@Hy@tempcnt=\count276

(/nix/store/q8g7wkha989gcphnlbx36xlmhmifwaqm-texlive-combined-full-2021.2021040
8/share/texmf/tex/latex/url/url.sty
\Urlmuskip=\muskip17
Package: url 2013/09/16  ver 3.4  Verb mode for urls, etc.
)
LaTeX Info: Redefining \url on input line 4804.
\XeTeXLinkMargin=\dimen157

(/nix/store/q8g7wkha989gcphnlbx36xlmhmifwaqm-texlive-combined-full-2021.2021040
8/share/texmf/tex/generic/bitset/bitset.sty
Package: bitset 2019/12/09 v1.3 Handle bit-vector datatype (HO)

(/nix/store/q8g7wkha989gcphnlbx36xlmhmifwaqm-texlive-combined-full-2021.2021040
8/share/texmf/tex/generic/bigintcalc/bigintcalc.sty
Package: bigintcalc 2019/12/15 v1.5 Expandable calculations on big integers (HO
)
))
\Fld@menulength=\count277
\Field@Width=\dimen158
\Fld@charsize=\dimen159
Package hyperref Info: Hyper figures OFF on input line 6075.
Package hyperref Info: Link nesting OFF on input line 6080.
Package hyperref Info: Hyper index ON on input line 6083.
Package hyperref Info: backreferencing OFF on input line 6090.
Package hyperref Info: Link coloring OFF on input line 6095.
Package hyperref Info: Link coloring with OCG OFF on input line 6100.
Package hyperref Info: PDF/A mode OFF on input line 6105.
LaTeX Info: Redefining \ref on input line 6145.
LaTeX Info: Redefining \pageref on input line 6149.

(/nix/store/q8g7wkha989gcphnlbx36xlmhmifwaqm-texlive-combined-full-2021.2021040
8/share/texmf/tex/latex/base/atbegshi-ltx.sty
Package: atbegshi-ltx 2020/08/17 v1.0a Emulation of the original atbegshi packa
ge
with kernel methods
)
\Hy@abspage=\count278
\c@Item=\count279
\c@Hfootnote=\count280
)
Package hyperref Info: Driver (autodetected): hpdftex.

(/nix/store/q8g7wkha989gcphnlbx36xlmhmifwaqm-texlive-combined-full-2021.2021040
8/share/texmf/tex/latex/hyperref/hpdftex.def
File: hpdftex.def 2021-02-27 v7.00k Hyperref driver for pdfTeX

(/nix/store/q8g7wkha989gcphnlbx36xlmhmifwaqm-texlive-combined-full-2021.2021040
8/share/texmf/tex/latex/base/atveryend-ltx.sty
Package: atveryend-ltx 2020/08/19 v1.0a Emulation of the original atvery packag
e
with kernel methods
)
\Fld@listcount=\count281
\c@bookmark@seq@number=\count282

(/nix/store/q8g7wkha989gcphnlbx36xlmhmifwaqm-texlive-combined-full-2021.2021040
8/share/texmf/tex/latex/rerunfilecheck/rerunfilecheck.sty
Package: rerunfilecheck 2019/12/05 v1.9 Rerun checks for auxiliary files (HO)

(/nix/store/q8g7wkha989gcphnlbx36xlmhmifwaqm-texlive-combined-full-2021.2021040
8/share/texmf/tex/generic/uniquecounter/uniquecounter.sty
Package: uniquecounter 2019/12/15 v1.4 Provide unlimited unique counter (HO)
)
Package uniquecounter Info: New unique counter `rerunfilecheck' on input line 2
86.
)
\Hy@SectionHShift=\skip59
)
(/nix/store/q8g7wkha989gcphnlbx36xlmhmifwaqm-texlive-combined-full-2021.2021040
8/share/texmf/tex/latex/base/fontenc.sty
Package: fontenc 2020/08/10 v2.0s Standard LaTeX package
)
(/nix/store/q8g7wkha989gcphnlbx36xlmhmifwaqm-texlive-combined-full-2021.2021040
8/share/texmf/tex/latex/libertine/biolinum.sty
Package: biolinum 2020/03/26 (Bob Tennent) Supports Biolinum fonts for all LaTe
X engines.

(/nix/store/q8g7wkha989gcphnlbx36xlmhmifwaqm-texlive-combined-full-2021.2021040
8/share/texmf/tex/generic/iftex/ifxetex.sty
Package: ifxetex 2019/10/25 v0.7 ifxetex legacy package. Use iftex instead.
)
(/nix/store/q8g7wkha989gcphnlbx36xlmhmifwaqm-texlive-combined-full-2021.2021040
8/share/texmf/tex/generic/iftex/ifluatex.sty
Package: ifluatex 2019/10/25 v1.5 ifluatex legacy package. Use iftex instead.
)
(/nix/store/q8g7wkha989gcphnlbx36xlmhmifwaqm-texlive-combined-full-2021.2021040
8/share/texmf/tex/latex/xkeyval/xkeyval.sty
Package: xkeyval 2020/11/20 v2.8 package option processing (HA)

(/nix/store/q8g7wkha989gcphnlbx36xlmhmifwaqm-texlive-combined-full-2021.2021040
8/share/texmf/tex/generic/xkeyval/xkeyval.tex
(/nix/store/q8g7wkha989gcphnlbx36xlmhmifwaqm-texlive-combined-full-2021.2021040
8/share/texmf/tex/generic/xkeyval/xkvutils.tex
\XKV@toks=\toks27
\XKV@tempa@toks=\toks28
)
\XKV@depth=\count283
File: xkeyval.tex 2014/12/03 v2.7a key=value parser (HA)
))
(/nix/store/q8g7wkha989gcphnlbx36xlmhmifwaqm-texlive-combined-full-2021.2021040
8/share/texmf/tex/latex/base/fontenc.sty
Package: fontenc 2020/08/10 v2.0s Standard LaTeX package
)
(/nix/store/q8g7wkha989gcphnlbx36xlmhmifwaqm-texlive-combined-full-2021.2021040
8/share/texmf/tex/latex/fontaxes/fontaxes.sty
Package: fontaxes 2020/07/21 v1.0e Font selection axes
LaTeX Info: Redefining \upshape on input line 29.
LaTeX Info: Redefining \itshape on input line 31.
LaTeX Info: Redefining \slshape on input line 33.
LaTeX Info: Redefining \swshape on input line 35.
LaTeX Info: Redefining \scshape on input line 37.
LaTeX Info: Redefining \sscshape on input line 39.
LaTeX Info: Redefining \ulcshape on input line 41.
LaTeX Info: Redefining \textsw on input line 47.
LaTeX Info: Redefining \textssc on input line 48.
LaTeX Info: Redefining \textulc on input line 49.
))
(/nix/store/q8g7wkha989gcphnlbx36xlmhmifwaqm-texlive-combined-full-2021.2021040
8/share/texmf/tex/latex/microtype/microtype.sty
Package: microtype 2021/03/14 v2.8c Micro-typographical refinements (RS)
\MT@toks=\toks29
\MT@count=\count284
LaTeX Info: Redefining \textls on input line 790.
\MT@outer@kern=\dimen160
LaTeX Info: Redefining \textmicrotypecontext on input line 1374.
\MT@listname@count=\count285

(/nix/store/q8g7wkha989gcphnlbx36xlmhmifwaqm-texlive-combined-full-2021.2021040
8/share/texmf/tex/latex/microtype/microtype-pdftex.def
File: microtype-pdftex.def 2021/03/14 v2.8c Definitions specific to pdftex (RS)

LaTeX Info: Redefining \lsstyle on input line 915.
LaTeX Info: Redefining \lslig on input line 915.
\MT@outer@space=\skip60
)
Package microtype Info: Loading configuration file microtype.cfg.

(/nix/store/q8g7wkha989gcphnlbx36xlmhmifwaqm-texlive-combined-full-2021.2021040
8/share/texmf/tex/latex/microtype/microtype.cfg
File: microtype.cfg 2021/03/14 v2.8c microtype main configuration file (RS)
))
LaTeX Font Info:    Trying to load font information for T1+LinuxBiolinumT-TLF o
n input line 30.

(/nix/store/q8g7wkha989gcphnlbx36xlmhmifwaqm-texlive-combined-full-2021.2021040
8/share/texmf/tex/latex/libertine/T1LinuxBiolinumT-TLF.fd
File: T1LinuxBiolinumT-TLF.fd 2017/03/20 (autoinst) Font definitions for T1/Lin
uxBiolinumT-TLF.
)
LaTeX Font Info:    Font shape `T1/LinuxBiolinumT-TLF/m/n' will be
(Font)              scaled to size 10.95pt on input line 30.

(/nix/store/q8g7wkha989gcphnlbx36xlmhmifwaqm-texlive-combined-full-2021.2021040
8/share/texmf/tex/latex/l3backend/l3backend-pdftex.def
File: l3backend-pdftex.def 2021-03-18 L3 backend support: PDF output (pdfTeX)
\l__color_backend_stack_int=\count286
\l__pdf_internal_box=\box58
)
No file verslag.aux.
\openout1 = `verslag.aux'.

LaTeX Font Info:    Checking defaults for OML/cmm/m/it on input line 30.
LaTeX Font Info:    ... okay on input line 30.
LaTeX Font Info:    Checking defaults for OMS/cmsy/m/n on input line 30.
LaTeX Font Info:    ... okay on input line 30.
LaTeX Font Info:    Checking defaults for OT1/cmr/m/n on input line 30.
LaTeX Font Info:    ... okay on input line 30.
LaTeX Font Info:    Checking defaults for T1/cmr/m/n on input line 30.
LaTeX Font Info:    ... okay on input line 30.
LaTeX Font Info:    Checking defaults for TS1/cmr/m/n on input line 30.
LaTeX Font Info:    ... okay on input line 30.
LaTeX Font Info:    Checking defaults for OMX/cmex/m/n on input line 30.
LaTeX Font Info:    ... okay on input line 30.
LaTeX Font Info:    Checking defaults for U/cmr/m/n on input line 30.
LaTeX Font Info:    ... okay on input line 30.
LaTeX Font Info:    Checking defaults for PD1/pdf/m/n on input line 30.
LaTeX Font Info:    ... okay on input line 30.
LaTeX Font Info:    Checking defaults for PU/pdf/m/n on input line 30.
LaTeX Font Info:    ... okay on input line 30.

(/nix/store/q8g7wkha989gcphnlbx36xlmhmifwaqm-texlive-combined-full-2021.2021040
8/share/texmf/tex/context/base/mkii/supp-pdf.mkii
[Loading MPS to PDF converter (version 2006.09.02).]
\scratchcounter=\count287
\scratchdimen=\dimen161
\scratchbox=\box59
\nofMPsegments=\count288
\nofMParguments=\count289
\everyMPshowfont=\toks30
\MPscratchCnt=\count290
\MPscratchDim=\dimen162
\MPnumerator=\count291
\makeMPintoPDFobject=\count292
\everyMPtoPDFconversion=\toks31
)
(/nix/store/q8g7wkha989gcphnlbx36xlmhmifwaqm-texlive-combined-full-2021.2021040
8/share/texmf/tex/latex/epstopdf-pkg/epstopdf-base.sty
Package: epstopdf-base 2020-01-24 v2.11 Base part for package epstopdf
Package epstopdf-base Info: Redefining graphics rule for `.eps' on input line 4
85.

(/nix/store/q8g7wkha989gcphnlbx36xlmhmifwaqm-texlive-combined-full-2021.2021040
8/share/texmf/tex/latex/latexconfig/epstopdf-sys.cfg
File: epstopdf-sys.cfg 2010/07/13 v1.3 Configuration of (r)epstopdf for TeX Liv
e
))
Package hyperref Info: Link coloring OFF on input line 30.

(/nix/store/q8g7wkha989gcphnlbx36xlmhmifwaqm-texlive-combined-full-2021.2021040
8/share/texmf/tex/latex/hyperref/nameref.sty
Package: nameref 2021-04-02 v2.47 Cross-referencing by name of section

(/nix/store/q8g7wkha989gcphnlbx36xlmhmifwaqm-texlive-combined-full-2021.2021040
8/share/texmf/tex/latex/refcount/refcount.sty
Package: refcount 2019/12/15 v3.6 Data extraction from label references (HO)
)
(/nix/store/q8g7wkha989gcphnlbx36xlmhmifwaqm-texlive-combined-full-2021.2021040
8/share/texmf/tex/generic/gettitlestring/gettitlestring.sty
Package: gettitlestring 2019/12/15 v1.6 Cleanup title references (HO)
)
\c@section@level=\count293
)
LaTeX Info: Redefining \ref on input line 30.
LaTeX Info: Redefining \pageref on input line 30.
LaTeX Info: Redefining \nameref on input line 30.
\@outlinefile=\write3
\openout3 = `verslag.out'.

\c@mv@tabular=\count294
\c@mv@boldtabular=\count295
LaTeX Info: Redefining \microtypecontext on input line 30.
Package microtype Info: Generating PDF output.
Package microtype Info: Character protrusion enabled (level 2),
(microtype)             factor: 1100.
Package microtype Info: Using default protrusion set `alltext'.
Package microtype Info: Automatic font expansion enabled (level 2),
(microtype)             stretch: 10, shrink: 10, step: 1, non-selected.
Package microtype Info: Using default expansion set `alltext-nott'.
LaTeX Info: Redefining \showhyphens on input line 30.
Package microtype Info: Tracking enabled.
Package microtype Info: Using default tracking set `smallcaps'.
Package microtype Info: Adjustment of interword spacing enabled.
Package microtype Info: Using default spacing set `alltext-nott'.
Package microtype Info: Adjustment of character kerning enabled.
Package microtype Info: Using default kerning set `alltext'.
Package microtype Info: Loading generic protrusion settings for font family
(microtype)             `LinuxBiolinumT-TLF' (encoding: T1).
(microtype)             For optimal results, create family-specific settings.
(microtype)             See the microtype manual for details.


Package microtype Warning: \nonfrenchspacing is active. Adjustment of
(microtype)                interword spacing will disable it. You might want
(microtype)                to add `\microtypecontext{spacing=nonfrench}'
(microtype)                to your preamble.

LaTeX Font Info:    Font shape `T1/LinuxBiolinumT-TLF/m/n' will be
(Font)              scaled to size 17.28pt on input line 33.
LaTeX Font Info:    Font shape `T1/LinuxBiolinumT-TLF/m/n' will be
(Font)              scaled to size 12.0pt on input line 33.

(/nix/store/q8g7wkha989gcphnlbx36xlmhmifwaqm-texlive-combined-full-2021.2021040
8/share/texmf/tex/latex/microtype/mt-cmr.cfg
File: mt-cmr.cfg 2013/05/19 v2.2 microtype config. file: Computer Modern Roman 
(RS)
)
LaTeX Font Info:    Trying to load font information for U+msa on input line 33.


(/nix/store/q8g7wkha989gcphnlbx36xlmhmifwaqm-texlive-combined-full-2021.2021040
8/share/texmf/tex/latex/amsfonts/umsa.fd
File: umsa.fd 2013/01/14 v3.01 AMS symbols A
)
(/nix/store/q8g7wkha989gcphnlbx36xlmhmifwaqm-texlive-combined-full-2021.2021040
8/share/texmf/tex/latex/microtype/mt-msa.cfg
File: mt-msa.cfg 2006/02/04 v1.1 microtype config. file: AMS symbols (a) (RS)
)
LaTeX Font Info:    Trying to load font information for U+msb on input line 33.


(/nix/store/q8g7wkha989gcphnlbx36xlmhmifwaqm-texlive-combined-full-2021.2021040
8/share/texmf/tex/latex/amsfonts/umsb.fd
File: umsb.fd 2013/01/14 v3.01 AMS symbols B
)
(/nix/store/q8g7wkha989gcphnlbx36xlmhmifwaqm-texlive-combined-full-2021.2021040
8/share/texmf/tex/latex/microtype/mt-msb.cfg
File: mt-msb.cfg 2005/06/01 v1.0 microtype config. file: AMS symbols (b) (RS)
)
LaTeX Font Info:    Font shape `T1/LinuxBiolinumT-TLF/m/n' will be
(Font)              scaled to size 14.4pt on input line 37.
LaTeX Font Info:    Font shape `T1/LinuxBiolinumT-TLF/b/n' will be
(Font)              scaled to size 14.4pt on input line 37.
LaTeX Font Info:    Font shape `T1/LinuxBiolinumT-TLF/b/n' will be
(Font)              scaled to size 10.95pt on input line 39.

Underfull \hbox (badness 10000) in paragraph at lines 39--40

 []


Underfull \hbox (badness 10000) in paragraph at lines 41--42

 []

[1

{/nix/store/q8g7wkha989gcphnlbx36xlmhmifwaqm-texlive-combined-full-2021.2021040
8/share/texmf-var/fonts/map/pdftex/updmap/pdftex.map}]
LaTeX Font Info:    Trying to load font information for T1+cmtt on input line 5
0.

(/nix/store/q8g7wkha989gcphnlbx36xlmhmifwaqm-texlive-combined-full-2021.2021040
8/share/texmf/tex/latex/base/t1cmtt.fd
File: t1cmtt.fd 2019/12/16 v2.5j Standard LaTeX font definitions
)
Package microtype Info: Loading generic protrusion settings for font family
(microtype)             `cmtt' (encoding: T1).
(microtype)             For optimal results, create family-specific settings.
(microtype)             See the microtype manual for details.

Underfull \hbox (badness 10000) in paragraph at lines 54--55

 []

[2] [3] (./verslag.aux)

Package rerunfilecheck Warning: File `verslag.out' has changed.
(rerunfilecheck)                Rerun to get outlines right
(rerunfilecheck)                or use package `bookmark'.

Package rerunfilecheck Info: Checksums for `verslag.out':
(rerunfilecheck)             Before: <no file>
(rerunfilecheck)             After:  BC9E202CFB1F509497AA20ADE9F59E10;345.
 ) 
Here is how much of TeX's memory you used:
 11714 strings out of 478994
 191389 string characters out of 5829509
 498332 words of memory out of 5000000
 28900 multiletter control sequences out of 15000+600000
 447545 words of font info for 113 fonts, out of 8000000 for 9000
 1141 hyphenation exceptions out of 8191
 71i,6n,74p,1266b,500s stack positions out of 5000i,500n,10000p,200000b,80000s
{/nix/store/q8g7wkha989gcphnlbx36xlmhmifwaqm-texlive-combined-full-2021.20210
408/share/texmf/fonts/enc/dvips/cm-super/cm-super-t1.enc}{/nix/store/q8g7wkha98
9gcphnlbx36xlmhmifwaqm-texlive-combined-full-2021.20210408/share/texmf/fonts/en
c/dvips/libertine/lbtn_25tcsq.enc}</nix/store/q8g7wkha989gcphnlbx36xlmhmifwaqm-
texlive-combined-full-2021.20210408/share/texmf/fonts/type1/public/libertine/Li
nBiolinumT.pfb></nix/store/q8g7wkha989gcphnlbx36xlmhmifwaqm-texlive-combined-fu
ll-2021.20210408/share/texmf/fonts/type1/public/libertine/LinBiolinumTB.pfb></n
ix/store/q8g7wkha989gcphnlbx36xlmhmifwaqm-texlive-combined-full-2021.20210408/s
hare/texmf/fonts/type1/public/cm-super/sftt1095.pfb>
Output written on verslag.pdf (3 pages, 141823 bytes).
PDF statistics:
 40 PDF objects out of 1000 (max. 8388607)
 31 compressed objects within 1 object stream
 7 named destinations out of 1000 (max. 500000)
 29185 words of extra memory for PDF output out of 29859 (max. 10000000)

